<?xml version="1.0" encoding="UTF-8"?>
<testng-results ignored="0" total="1" passed="1" failed="0" skipped="0">
  <reporter-output>
  </reporter-output>
  <suite started-at="2021-05-26T08:23:57 COT" name="Default suite" finished-at="2021-05-26T08:24:11 COT" duration-ms="13840">
    <groups>
    </groups>
    <test started-at="2021-05-26T08:23:57 COT" name="Default test" finished-at="2021-05-26T08:24:11 COT" duration-ms="13840">
      <class name="test.NewTest">
        <test-method is-config="true" signature="beforeTest()[pri:0, instance:test.NewTest@34a3d150]" started-at="2021-05-26T08:23:57 COT" name="beforeTest" finished-at="2021-05-26T08:24:05 COT" duration-ms="8063" status="PASS">
          <reporter-output>
          </reporter-output>
        </test-method> <!-- beforeTest -->
        <test-method signature="f()[pri:0, instance:test.NewTest@34a3d150]" started-at="2021-05-26T08:24:05 COT" name="f" finished-at="2021-05-26T08:24:11 COT" duration-ms="5061" status="PASS">
          <reporter-output>
          </reporter-output>
        </test-method> <!-- f -->
        <test-method is-config="true" signature="afterTest()[pri:0, instance:test.NewTest@34a3d150]" started-at="2021-05-26T08:24:11 COT" name="afterTest" finished-at="2021-05-26T08:24:11 COT" duration-ms="685" status="PASS">
          <reporter-output>
          </reporter-output>
        </test-method> <!-- afterTest -->
      </class> <!-- test.NewTest -->
    </test> <!-- Default test -->
  </suite> <!-- Default suite -->
</testng-results>
