<?xml version="1.0" encoding="UTF-8"?>
<testng-results ignored="0" total="1" passed="1" failed="0" skipped="0">
  <reporter-output>
  </reporter-output>
  <suite started-at="2021-05-25T16:22:46 COT" name="test.NewTest" finished-at="2021-05-25T16:23:08 COT" duration-ms="21109">
    <groups>
    </groups>
    <test started-at="2021-05-25T16:22:46 COT" name="Command line test" finished-at="2021-05-25T16:23:08 COT" duration-ms="21109">
      <class name="test.NewTest">
        <test-method is-config="true" signature="beforeTest()[pri:0, instance:test.NewTest@55ca8de8]" started-at="2021-05-25T16:22:46 COT" name="beforeTest" finished-at="2021-05-25T16:22:54 COT" duration-ms="7578" status="PASS">
          <reporter-output>
          </reporter-output>
        </test-method> <!-- beforeTest -->
        <test-method signature="f()[pri:0, instance:test.NewTest@55ca8de8]" started-at="2021-05-25T16:22:54 COT" name="f" finished-at="2021-05-25T16:23:07 COT" duration-ms="12717" status="PASS">
          <reporter-output>
          </reporter-output>
        </test-method> <!-- f -->
        <test-method is-config="true" signature="afterTest()[pri:0, instance:test.NewTest@55ca8de8]" started-at="2021-05-25T16:23:07 COT" name="afterTest" finished-at="2021-05-25T16:23:08 COT" duration-ms="790" status="PASS">
          <reporter-output>
          </reporter-output>
        </test-method> <!-- afterTest -->
      </class> <!-- test.NewTest -->
    </test> <!-- Command line test -->
  </suite> <!-- test.NewTest -->
</testng-results>
